{
  "stats": {
    "suites": 1,
    "tests": 1,
    "passes": 0,
    "pending": 0,
    "failures": 1,
    "start": "2021-04-29T15:03:06.759Z",
    "end": "2021-04-29T15:03:23.323Z",
    "duration": 16564,
    "testsRegistered": 1,
    "passPercent": 0,
    "pendingPercent": 0,
    "other": 0,
    "hasOther": false,
    "skipped": 0,
    "hasSkipped": false
  },
  "results": [
    {
      "uuid": "abec0705-4723-4c40-997b-96f54e32901f",
      "title": "",
      "fullFile": "cypress/integration/create-bill.js",
      "file": "cypress/integration/create-bill.js",
      "beforeHooks": [],
      "afterHooks": [],
      "tests": [],
      "suites": [
        {
          "uuid": "f5785c83-1958-4b84-84f6-0d9e0fc4dece",
          "title": "Create Bill",
          "fullFile": "",
          "file": "",
          "beforeHooks": [],
          "afterHooks": [],
          "tests": [
            {
              "title": "login",
              "fullTitle": "Create Bill login",
              "timedOut": null,
              "duration": 14818,
              "state": "failed",
              "speed": null,
              "pass": false,
              "fail": true,
              "pending": false,
              "context": null,
              "code": "cy.visit(\"http://localhost:3000\");\ncy.get('h2').should(\"contain\", \"Login\");\ncy.get(':nth-child(1) > input').type(\"tester01\");\ncy.get(':nth-child(2) > input').type(\"GteteqbQQgSr88SwNExUQv2ydb7xuf8c\");\ncy.get(\".btn\").click();\ncy.wait(500);\ncy.get('.username').should(\"contain\", \"Welcome tester01!\");\ncy.get(\"h2\").should(\"contain\", \"Tester Hotel Overview\");\ncy.get(':nth-child(3) > .btn').click();\ncy.get('h2 > div').should(\"contain\", \"Bills\");\ncy.get('h2 > .btn').click();\ncy.get('h2 > div').should(\"contain\", \"New Bill\");\ncy.get('input').type(\"9900\");\ncy.get('.blue').click();\ncy.get(':nth-child(1) > .value').should(\"contain\", \"9900kr\");\ncy.get(':nth-child(1) > .action > img').click();\ncy.get('.menu > :nth-child(2)').click();\ncy.get('.user > .btn').click();\ncy.get('h2').should(\"contain\", \"Login\");",
              "err": {
                "message": "AssertionError: Timed out retrying after 10000ms: expected '<div.value>' to contain '9900kr'",
                "estack": "AssertionError: Timed out retrying after 10000ms: expected '<div.value>' to contain '9900kr'\n    at Context.eval (http://localhost:3000/__cypress/tests?p=cypress/integration/create-bill.js:116:38)",
                "diff": null
              },
              "uuid": "ab9ea509-03a7-4e54-af7c-b62d5f029029",
              "parentUUID": "f5785c83-1958-4b84-84f6-0d9e0fc4dece",
              "isHook": false,
              "skipped": false
            }
          ],
          "suites": [],
          "passes": [],
          "failures": [
            "ab9ea509-03a7-4e54-af7c-b62d5f029029"
          ],
          "pending": [],
          "skipped": [],
          "duration": 14818,
          "root": false,
          "rootEmpty": false,
          "_timeout": 2000
        }
      ],
      "passes": [],
      "failures": [],
      "pending": [],
      "skipped": [],
      "duration": 0,
      "root": true,
      "rootEmpty": true,
      "_timeout": 2000
    }
  ],
  "meta": {
    "mocha": {
      "version": "7.0.1"
    },
    "mochawesome": {
      "options": {
        "quiet": false,
        "reportFilename": "mochawesome",
        "saveHtml": false,
        "saveJson": true,
        "consoleReporter": "spec",
        "useInlineDiffs": false,
        "code": true
      },
      "version": "6.2.2"
    },
    "marge": {
      "options": {
        "reportDir": "cypress/results",
        "overwrite": false,
        "html": false,
        "json": true
      },
      "version": "5.2.0"
    }
  }
}